z:\tp3\lab_1\lab_1\x64\debug\vc140.pdb
z:\tp3\lab_1\lab_1\x64\debug\vc140.idb
z:\tp3\lab_1\lab_1\x64\debug\nodemap.obj
z:\tp3\lab_1\lab_1\x64\debug\path.obj
z:\tp3\lab_1\lab_1\x64\debug\point.obj
z:\tp3\lab_1\lab_1\x64\debug\polygon.obj
z:\tp3\lab_1\lab_1\x64\debug\stdafx.obj
z:\tp3\lab_1\lab_1\x64\debug\lab_1.obj
z:\tp3\lab_1\lab_1\x64\debug\node.obj
z:\tp3\lab_1\x64\debug\lab_1.pdb
z:\tp3\lab_1\lab_1\x64\debug\lab_1.tlog\cl.command.1.tlog
z:\tp3\lab_1\lab_1\x64\debug\lab_1.tlog\cl.read.1.tlog
z:\tp3\lab_1\lab_1\x64\debug\lab_1.tlog\cl.write.1.tlog
z:\tp3\lab_1\lab_1\x64\debug\lab_1.tlog\link-cvtres.read.1.tlog
z:\tp3\lab_1\lab_1\x64\debug\lab_1.tlog\link-cvtres.write.1.tlog
z:\tp3\lab_1\lab_1\x64\debug\lab_1.tlog\link-rc.read.1.tlog
z:\tp3\lab_1\lab_1\x64\debug\lab_1.tlog\link-rc.write.1.tlog
z:\tp3\lab_1\lab_1\x64\debug\lab_1.tlog\link.12220-cvtres.read.1.tlog
z:\tp3\lab_1\lab_1\x64\debug\lab_1.tlog\link.12220-cvtres.write.1.tlog
z:\tp3\lab_1\lab_1\x64\debug\lab_1.tlog\link.12220-rc.read.1.tlog
z:\tp3\lab_1\lab_1\x64\debug\lab_1.tlog\link.12220-rc.write.1.tlog
z:\tp3\lab_1\lab_1\x64\debug\lab_1.tlog\link.12220.read.1.tlog
z:\tp3\lab_1\lab_1\x64\debug\lab_1.tlog\link.12220.write.1.tlog
z:\tp3\lab_1\lab_1\x64\debug\lab_1.tlog\link.command.1.tlog
z:\tp3\lab_1\lab_1\x64\debug\lab_1.tlog\link.read.1.tlog
z:\tp3\lab_1\lab_1\x64\debug\lab_1.tlog\link.write.1.tlog
